<?xml version="1.0" encoding="UTF-8"?>
<!-- Generated by org.testng.reporters.JUnitReportReporter -->
<testsuite hostname="DESKTOP-9LQCJLJ" name="com.selenium.tests.RunCommands" tests="1" failures="0" timestamp="11 Dec 2019 13:01:47 GMT" time="54.453" errors="0">
  <testcase name="runCommandsUsingJava" time="54.453" classname="com.selenium.tests.RunCommands"/>
</testsuite> <!-- com.selenium.tests.RunCommands -->
