<?xml version="1.0" encoding="UTF-8"?>
<!-- Generated by org.testng.reporters.JUnitReportReporter -->
<testsuite hostname="DESKTOP-9LQCJLJ" name="com.selenium.tests.Login" tests="1" failures="0" timestamp="10 Dec 2019 13:58:30 GMT" time="19.481" errors="0">
  <testcase name="login_001" time="19.481" classname="com.selenium.tests.Login"/>
</testsuite> <!-- com.selenium.tests.Login -->
