<?xml version="1.0" encoding="UTF-8"?>
<!-- Generated by org.testng.reporters.JUnitReportReporter -->
<testsuite hostname="DESKTOP-9LQCJLJ" name="com.selenium.tests.FileUploadAndAutoITRobot" tests="1" failures="0" timestamp="11 Dec 2019 14:57:32 GMT" time="38.359" errors="0">
  <testcase name="fileUpoadExample1" time="38.359" classname="com.selenium.tests.FileUploadAndAutoITRobot"/>
</testsuite> <!-- com.selenium.tests.FileUploadAndAutoITRobot -->
